[INFO  - 2019-11-11T08:11:00.380Z] GhostDriver - Main - running on port 35881
[INFO  - 2019-11-11T08:11:01.065Z] Session [cc5fa750-045a-11ea-bd83-45762f21f55a] - page.settings - {"XSSAuditingEnabled":false,"javascriptCanCloseWindows":true,"javascriptCanOpenWindows":true,"javascriptEnabled":true,"loadImages":false,"localToRemoteUrlAccessEnabled":false,"userAgent":"Mozilla/5.0 (Unknown; Linux x86_64) AppleWebKit/538.1 (KHTML, like Gecko) PhantomJS/2.1.1 Safari/538.1","webSecurityEnabled":true}
[INFO  - 2019-11-11T08:11:01.065Z] Session [cc5fa750-045a-11ea-bd83-45762f21f55a] - page.customHeaders:  - {}
[INFO  - 2019-11-11T08:11:01.065Z] Session [cc5fa750-045a-11ea-bd83-45762f21f55a] - Session.negotiatedCapabilities - {"browserName":"phantomjs","version":"2.1.1","driverName":"ghostdriver","driverVersion":"1.2.0","platform":"linux-unknown-64bit","javascriptEnabled":true,"takesScreenshot":true,"handlesAlerts":false,"databaseEnabled":false,"locationContextEnabled":false,"applicationCacheEnabled":false,"browserConnectionEnabled":false,"cssSelectorsEnabled":true,"webStorageEnabled":false,"rotatable":false,"acceptSslCerts":false,"nativeEvents":true,"proxy":{"proxyType":"direct"}}
[INFO  - 2019-11-11T08:11:01.065Z] SessionManagerReqHand - _postNewSessionCommand - New Session Created: cc5fa750-045a-11ea-bd83-45762f21f55a
[ERROR - 2019-11-11T08:11:04.612Z] Session [cc5fa750-045a-11ea-bd83-45762f21f55a] - page.onError - msg: TypeError: null is not an object (evaluating 'u.style')

  phantomjs://platform/console++.js:263 in error
[ERROR - 2019-11-11T08:11:04.612Z] Session [cc5fa750-045a-11ea-bd83-45762f21f55a] - page.onError - stack:
  init (https://astyle.alicdn.com/app/searchweb/products/imagesearch/htmlhead/pkg-a/js/plupload.js?_v=1a4ba5f5a7bda1cd15cc47a08ddee882.js:2)
  exec (https://astyle.alicdn.com/app/searchweb/products/imagesearch/htmlhead/pkg-a/js/plupload.js?_v=1a4ba5f5a7bda1cd15cc47a08ddee882.js:1)
  shimExec (https://astyle.alicdn.com/app/searchweb/products/imagesearch/htmlhead/pkg-a/js/plupload.js?_v=1a4ba5f5a7bda1cd15cc47a08ddee882.js:1)
  exec (https://astyle.alicdn.com/app/searchweb/products/imagesearch/htmlhead/pkg-a/js/plupload.js?_v=1a4ba5f5a7bda1cd15cc47a08ddee882.js:1)
  (anonymous function) (https://astyle.alicdn.com/app/searchweb/products/imagesearch/htmlhead/pkg-a/js/plupload.js?_v=1a4ba5f5a7bda1cd15cc47a08ddee882.js:1)
  (anonymous function) (https://astyle.alicdn.com/app/searchweb/products/imagesearch/htmlhead/pkg-a/js/plupload.js?_v=1a4ba5f5a7bda1cd15cc47a08ddee882.js:1)
  i (https://astyle.alicdn.com/app/searchweb/products/imagesearch/htmlhead/pkg-a/js/plupload.js?_v=1a4ba5f5a7bda1cd15cc47a08ddee882.js:1)
  r (https://astyle.alicdn.com/app/searchweb/products/imagesearch/htmlhead/pkg-a/js/plupload.js?_v=1a4ba5f5a7bda1cd15cc47a08ddee882.js:1)
  dispatchEvent (https://astyle.alicdn.com/app/searchweb/products/imagesearch/htmlhead/pkg-a/js/plupload.js?_v=1a4ba5f5a7bda1cd15cc47a08ddee882.js:1)
  trigger (https://astyle.alicdn.com/app/searchweb/products/imagesearch/htmlhead/pkg-a/js/plupload.js?_v=1a4ba5f5a7bda1cd15cc47a08ddee882.js:1)
  (anonymous function) (https://astyle.alicdn.com/app/searchweb/products/imagesearch/htmlhead/pkg-a/js/plupload.js?_v=1a4ba5f5a7bda1cd15cc47a08ddee882.js:1)
  sendEvent (:0)
  _keyEvent (phantomjs://code/inputs.js:325)
  _pressKey (phantomjs://code/inputs.js:280)
  _sendKeys (phantomjs://code/inputs.js:237)
  _postValueCommand (phantomjs://code/webelement_request_handler.js:288)
  _handle (phantomjs://code/webelement_request_handler.js:72)
  _reroute (phantomjs://code/request_handler.js:61)
  _handle (phantomjs://code/session_request_handler.js:120)
  _reroute (phantomjs://code/request_handler.js:61)
  _handle (phantomjs://code/router_request_handler.js:78)

  phantomjs://platform/console++.js:263 in error
[ERROR - 2019-11-11T08:11:07.635Z] Session [cc5fa750-045a-11ea-bd83-45762f21f55a] - page.onError - msg: ReferenceError: Can't find variable: Promise

  phantomjs://platform/console++.js:263 in error
[ERROR - 2019-11-11T08:11:07.635Z] Session [cc5fa750-045a-11ea-bd83-45762f21f55a] - page.onError - stack:
  f (https://g.alicdn.com/magic-cube/wap-loader/0.0.19/index.js:1)
  O (https://g.alicdn.com/magic-cube/wap-loader/0.0.19/index.js:1)
  value (https://g.alicdn.com/magic-cube/wap-loader/0.0.19/index.js:1)
  value (https://g.alicdn.com/magic-cube/wap-loader/0.0.19/index.js:1)
  (anonymous function) (https://g.alicdn.com/magic-cube/wap-loader/0.0.19/index.js:1)
  n (https://g.alicdn.com/magic-cube/wap-loader/0.0.19/index.js:1)
  (anonymous function) (https://g.alicdn.com/magic-cube/wap-loader/0.0.19/index.js:1)

  phantomjs://platform/console++.js:263 in error
