ch:我爱你 th:ฉันรักคุณ
ch:我爱你 th:ฉันรักคุณ
ch:我爱你 th:ฉันรักคุณ
ch:我爱你 th:ฉันรักคุณ
ch:我爱你 th:ฉันรักคุณ
ch:我爱你 th:ฉันรักคุณ
ch:男鞋 th:รองเท้าผู้ชาย
ch:男鞋2019秋冬商务真皮三接头男士皮鞋男固特异皮底鞋子 男 潮鞋 th:รองเท้าผู้ชายรองเท้าผู้ชายรองเท้าผู้ชายรองเท้าผู้ชายรองเท้ากู๊ดเยียร์
ch:高帮板鞋男皮卡丘联名鞋aj男士板鞋秋季新款潮流休闲男鞋手绘卡通 th:สูงแก๊งรองเท้าผู้ชายรองเท้าร่วม aj รองเท้าผู้ชายรองเท้าบอร์ดฤดูใบไม้ร่วงแฟชั่นใหม่ของผู้ชายรองเท้ามือวาดการ์ตูน
ch:冬季新款加绒保暖棉鞋男士休闲大码皮鞋中老年爸爸鞋真皮跨境专供 th:ฤดูหนาวใหม่เพิ่มผ้าขนสัตว์อบอุ่นรองเท้าผ้าฝ้ายผู้ชายสบายๆรองเท้าหนังรองเท้าหนังขนาดใหญ่กลางและเก่าพ่อรองเท้าหนังแท้ข้ามพรมแดนสำหรับผู้สูงอายุ
ch:秋冬男鞋ins超火老爹鞋加绒网布鞋休闲鞋子复古潮流男士运动鞋男 th:ฤดูใบไม้ร่วงและฤดูหนาวรองเท้าผู้ชายรองเท้าพ่อไฟซูเปอร์เพิ่มสุทธิกำมะหยี่รองเท้าผ้ารองเท้าว่างรองเท้าย้อนยุคแนวโน้มของผู้ชายรองเท้าผ้าใบผู้ชาย
ch:男鞋冬季潮鞋2018新款男士加绒保暖棉鞋子男潮鞋休闲皮鞋板鞋百搭 th:ผู้ชายรองเท้าฤดูหนาว 2018 ใหม่ผู้ชายรองเท้าผ้าฝ้ายผ้าขนสัตว์ที่อบอุ่น
ch:春夏季男鞋韩版时尚潮鞋新款男士轻便跑步休闲鞋防滑运动鞋男鞋子 th:ฤดูใบไม้ผลิฤดูร้อนรองเท้าผู้ชายรองเท้าแฟชั่นเกาหลีรุ่นใหม่ของผู้ชายรองเท้าวิ่งเบาๆรองเท้าว่างรองเท้าผ้าใบรองเท้าผู้ชาย
ch:2019ins超火的男士高帮鞋子港风帆布鞋百搭运动板鞋学生休闲鞋S88 th:รองเท้าผ้าใบรองเท้าผ้าใบรองเท้าผ้าใบรองเท้าผ้าใบรองเท้าผ้าใบรองเท้านักเรียนนักเรียน
ch:2019冬季加绒男鞋真皮男式板鞋运动鞋男百搭黑色休闲皮鞋一件代发 th:2019 ฤดูหนาวเพิ่มรองเท้าผู้ชายหนังแท้รองเท้าผ้าใบผู้ชายรองเท้าผ้าใบผู้ชายร้อยสีดำรองเท้าหนังสันทนาการสำหรับผม
ch:2019秋冬新款男鞋网红鞋子男潮鞋老爹鞋飞织透气网面休闲运动鞋子 th:ฤดูใบไม้ร่วงและฤดูหนาวใหม่รองเท้าผู้ชายรองเท้าสีแดงรองเท้าผู้ชายรองเท้าพ่อรองเท้าบินถักตาข่ายระบายอากาศรองเท้ากีฬา
ch:秋季男鞋保暖鞋子男潮鞋韩版潮流英伦百搭柔软底防滑男士休闲皮鞋 th:ฤดูใบไม้ร่วงรองเท้าผู้ชายรองเท้าผู้ชายรองเท้าผู้ชายรองเท้าผู้ชายรองเท้าผู้ชายรองเท้าผู้ชาย
ch:2017秋季新款男鞋欧洲站时尚高帮鞋靴英伦个性厚底休闲鞋青年潮鞋 th:ฤดูใบไม้ร่วง 2017 รองเท้าผู้ชายใหม่ยุโรปแฟชั่นสูงรองเท้าคันสูงรองเท้าอังกฤษบุคลิกภาพหนารองเท้าสันทนาการรองเท้าเยาวชน
ch:2019秋季新款鞋子男士潮鞋休闲运动鞋跑步老北京男鞋一件代发 th:2019 ฤดูใบไม้ร่วงใหม่รองเท้าผู้ชายรองเท้ารองเท้าสันทนาการวิ่งเก่าปักกิ่งรองเท้าผู้ชาย
ch:2019秋季新款男士马丁靴男高帮复古百搭工装靴嘻哈男靴子一件代发 th:ฤดูใบไม้ร่วง 2019 ใหม่ชายมาร์ตินรองเท้าบูทชายสูงแก๊งย้อนยุคฮิปฮอปรองเท้าบูท
ch:2019冬季新款女士情侣运动鞋男韩版大码旅游鞋加绒保暖跑步鞋男鞋 th:รูปแบบใหม่ของผู้หญิงในฤดูหนาวรองเท้าผ้าใบคู่รักชายรุ่นเกาหลีรองเท้าท่องเที่ยวขนาดใหญ่เพิ่มผ้าขนสัตว์ที่อบอุ่นรองเท้าวิ่งผู้ชายรองเท้า
ch:欧洲站男鞋2019秋冬新款高帮鞋男真皮英伦加绒保暖潮流休闲鞋板鞋 th:ยุโรปผู้ชายรองเท้า 2019 ฤดูใบไม้ร่วงและฤดูหนาวรูปแบบใหม่สูงแก๊งรองเท้าผู้ชายหนังอังกฤษเพิ่มผ้าขนสัตว์เพื่อให้ความอบอุ่นแนวโน้มรองเท้าสบายๆรองเท้ารองเท้
ch:跨境2019夏季新款时尚百搭运动鞋飞织透气外贸大码跑步鞋男鞋代发 th:ข้ามพรมแดน 2019 ฤดูร้อนแฟชั่นใหม่ร้อยคู่ของรองเท้ากีฬาบินผ้าระบายอากาศการค้าต่างประเทศรองเท้าวิ่งสำหรับผู้ชาย
ch:男棉鞋2018新款潮鞋百搭加厚防滑厚底 th:รองเท้าผ้าฝ้ายผู้ชาย 2018 ชนิดใหม่ของรองเท้ากันน้ำหนา
ch:男鞋夏季2019新款潮男鞋子潮鞋韩版潮流英伦百搭皮鞋男士休闲板鞋 th:ผู้ชายรองเท้าฤดูร้อน 2019 ใหม่รองเท้าผู้ชายรองเท้าแฟชั่นเกาหลีรองเท้าผู้ชาย
ch:2018秋冬季加厚外贸潮系带速卖通大码高帮男鞋情侣鞋板鞋休闲鞋子 th:2018 ฤดูใบไม้ร่วงฤดูหนาวเพิ่มความหนาของการค้าต่างประเทศไทด์ผูกห่อผูกความเร็วในการขายขนาดใหญ่สูงคู่รักรองเท้ารองเท้าบอร์ดรองเท้าว่าง
ch:跨境鱼鳞刀锋男鞋2019新款健身房飞织网布鞋加绒加厚运动鞋跑步鞋 th:รองเท้าผู้ชายรองเท้า 2019 โรงยิมใหม่บินรองเท้าผ้าสุทธิและผ้าขนสัตว์และรองเท้าวิ่งหนา
ch:网红爆款2019秋冬马丁靴男英伦经典高帮鞋复古工装靴中帮男鞋短靴 th:สุทธิสีแดงระเบิด 2019 ฤดูใบไม้ร่วงและฤดูหนาวมาร์ตินรองเท้าผู้ชายอังกฤษคลาสสิกสูงแก๊งรองเท้าวินเทจช่วยรองเท้าผู้ชาย
ch:批发刀锋男鞋2019新款夏季休闲运动鞋百搭布鞋战士旅游潮鞋跑步鞋 th:ขายส่งใบมีดรองเท้าผู้ชาย 2019 ฤดูร้อนใหม่สบายๆรองเท้าผ้าใบร้อยจับคู่รองเท้าผ้าทหารรองเท้าท่องเที่ยวรองเท้าวิ่ง
ch:真皮男鞋手工shoes men 2019休闲鞋男透气豆豆鞋潮跨境大码男鞋 th:รองเท้าผู้ชายรองเท้าผู้ชายรองเท้าผู้ชายรองเท้าผู้ชายรองเท้าผู้ชาย
ch:詹姆斯篮球鞋男高帮飞织耐磨透气实战战靴情侣休闲鞋运动跑步男鞋 th:เจมส์บาสเกตบอลรองเท้าผู้ชายสูงช่วยบินถักต้านทานการสึกหรอและระบายอากาศที่เกิดขึ้นจริงการต่อสู้รองเท้าคู่รักกีฬารองเท้าวิ่งผู้ชายรองเท้า
ch:2019秋季新款工装鞋真皮男鞋男士休闲单鞋大头鞋厚底工装皮鞋批发 th:2019 ฤดูใบไม้ร่วงรูปแบบใหม่ของรองเท้าหนังรองเท้าผู้ชายรองเท้าผู้ชายสันทนาการรองเท้ารองเท้าหนักรองเท้าขายส่ง
ch:男鞋秋季新款气垫减震跑步鞋男  学生潮流休闲百搭冬季男士运动鞋 th:รองเท้าผู้ชายฤดูใบไม้ร่วงใหม่เบาะอากาศฤดูใบไม้ผลิรองเท้าวิ่งนักเรียนชายแฟชั่นนักเรียนว่างร้อยขึ้นรองเท้าผ้าใบผู้ชายฤดูหนาว
ch:2019新款鞋透气学生男鞋休闲鞋子潮流网面老爹鞋增高跑步运动鞋男 th:นักเรียนชายรองเท้าสบายๆรองเท้าแฟชั่นสุทธิพ่อหน้ารองเท้าวิ่งรองเท้าผู้ชาย
ch:秋冬休闲鞋男时尚复古运动鞋户外跑步鞋韩版百搭男鞋sneakers men th:ฤดูใบไม้ร่วงและฤดูหนาวรองเท้าผู้ชายแฟชั่นวินเทจรองเท้ากีฬากลางแจ้งรองเท้าวิ่ง
ch:45码男士休闲马丁靴低帮短靴皮鞋秋季复古英伦工装男靴潮一件代发 th:ผู้ชายที่ไม่เป็นทางการมาร์ตินรองเท้าหนังรองเท้าสั้นต่ำในฤดูใบไม้ร่วงย้อนยุคอังกฤษอุตสาหกรรมรองเท้าบูทผู้ชาย
ch:2018新款冬季男士加绒马丁靴休闲中帮皮靴时尚男棉靴保暖靴子潮鞋 th:2018 ใหม่ฤดูหนาวผู้ชายกับผ้าขนสัตว์มาร์ตินรองเท้าในยามว่างช่วยให้รองเท้าแฟชั่นผ้าฝ้ายผู้ชายรองเท้าบู๊ทอบอุ่นรองเท้าชื้น
ch:户外雪地靴男冬季保暖加绒皮毛一体高帮男鞋马丁鞋棉鞋潮流百搭冬 th:กลางแจ้งหิมะรองเท้าผู้ชายฤดูหนาวที่อบอุ่นเพิ่มขนสัตว์หนึ่งสูงช่วยผู้ชายรองเท้ามาร์ตินรองเท้าผ้าฝ้ายรองเท้าแฟชั่นฤดูหนาว
ch:运动男鞋飞织跑步鞋气垫鞋2018新款百搭透气韩版潮鞋子 th:รองเท้าผู้ชายบินถักรองเท้าวิ่งรองเท้าเบาะอากาศ
ch:19秋季新款马丁靴高帮男鞋欧美厚底男士靴子皮靴复古抖音爆款男靴 th:ฤดูใบไม้ร่วงใหม่มาร์ตินรองเท้าสูงช่วยให้ผู้ชายยุโรปและอเมริกา
ch:秋冬季男靴大码真皮男士牛皮短靴子大码男鞋潮鞋子马丁靴跨境专供 th:ฤดูใบไม้ร่วงและฤดูหนาวรองเท้าบูทผู้ชายขนาดใหญ่หนังวัวสั้นรองเท้ารองเท้าผู้ชายขนาดใหญ่รองเท้าผู้ชายรองเท้ามาร์ตินรองเท้าข้ามพรมแดน
ch:商务皮鞋男夏季鞋子韩版漆皮结婚新郎休闲鞋英伦潮流男士正装男鞋 th:รองเท้าหนังธุรกิจผู้ชายฤดูร้อนรองเท้าเกาหลีหนังแต่งงานเจ้าบ่าวเจ้าบ่าวสันทนาการรองเท้าแฟชั่นอังกฤษผู้ชายสวมรองเท้าผู้ชาย
ch:马丁靴男秋冬新款复古英伦短靴中帮靴子工装男靴百搭潮鞋高帮军靴 th:มาร์ตินรองเท้าผู้ชายฤดูใบไม้ร่วงและฤดูหนาวใหม่ย้อนยุคอังกฤษรองเท้าสั้นๆช่วยให้ผู้ชายรองเท้ารองเท้าผู้ชายรองเท้าสูง
ch:男鞋2019秋冬新款男鞋小白鞋子男士超纤板鞋时尚低帮潮鞋男袜子口 th:ผู้ชาย 2019 ฤดูใบไม้ร่วงและฤดูหนาวรูปแบบใหม่ของผู้ชายรองเท้าสีขาวรองเท้าสุภาพบุรุษซูเปอร์ไฟเบอร์รองเท้าแฟชั่นต่ำช่วยรองเท้าถุงเท้าผู้ชาย
ch:秋冬商务休闲中老年皮鞋 男士加绒头层牛皮套脚一脚蹬真皮爸爸鞋 th:ฤดูใบไม้ร่วงและฤดูหนาวธุรกิจสันทนาการรองเท้าหนังผู้สูงอายุผู้ชายเพิ่มชั้นขนสัตว์หนังวัวครอบคลุมเท้าเหยียบรองเท้าหนังพ่อ
ch:OPL男鞋|秋冬加绒男鞋抖音鞋子复古休闲中高帮全皮板鞋平底百搭鞋 th:สำหรับผู้ชายรองเท้าฤดูใบไม้ร่วงและฤดูหนาวเพิ่มเสียงสั่นรองเท้าผู้ชาย
ch:2019年春季新款真皮男鞋时尚百搭系带板鞋休闲鞋青年真皮休闲鞋子 th:ฤดูใบไม้ผลิแฟชั่นใหม่รองเท้าหนังผู้ชายรองเท้าผูกโบว์รองเท้าสบายๆรองเท้าหนังหนุ่ม
ch:【长期供货】四季款外贸大码48真皮豆豆鞋懒人鞋英伦风男鞋驾车鞋 th:ฤดูกาลการค้าต่างประเทศรหัส 48 ถั่วเหลืองรองเท้าขี้เกียจคนอังกฤษลมรองเท้าขับรถรองเท้า
ch:批发刀锋男鞋夏季透气新款鞋子男潮鞋百搭运动休闲鞋男网红老爹鞋 th:ขายส่งใบมีดผู้ชายรองเท้าฤดูร้อนอากาศถ่ายเทได้อย่างอิสระรูปแบบใหม่ของรองเท้าผู้ชายรองเท้าผู้ชายรองเท้ากีฬาสันทนาการรองเท้าผู้ชายสุทธิสีแดงพ่อรองเท้
ch:男鞋冬季潮鞋加绒跨境大码男鞋马丁靴棉靴男休闲鞋短靴男2019新款 th:ผู้ชายรองเท้าฤดูหนาวรองเท้าฤดูหนาวเพิ่มขนสัตว์ข้ามพรมแดนขนาดใหญ่รองเท้าผู้ชายมาร์ตินรองเท้าผ้าฝ้ายรองเท้าผู้ชายรองเท้าสั้นรองเท้าผู้ชาย 2019 ใหม่
ch:马丁靴男2019秋冬新款加绒中高帮靴子男  防滑袜套休闲工装鞋男靴 th:มาร์ตินรองเท้าผู้ชาย 2019 ฤดูใบไม้ร่วงและฤดูหนาวรูปแบบใหม่ของการเพิ่มขนสัตว์สูงกลางและชายรองเท้าถุงเท้าไม่ลื่นนันทนาการรองเท้าผู้ชาย
ch:马丁靴男秋高帮靴子男英伦短靴圆头复古学生男靴批发男鞋一件代发 th:มาร์ตินรองเท้าบูทผู้ชายฤดูใบไม้ร่วงสูงรองเท้าผู้ชายอังกฤษสั้นรองเท้ารอบหัวนักเรียนย้อนยุคขายส่งรองเท้าผู้ชายรองเท้าผู้ชายผมแทน
ch:爆款男士马丁靴时尚休闲鞋男户外工装鞋学生百搭靴子秋冬英伦男鞋 th:มาร์ตินรองเท้าแฟชั่นรองเท้าผู้ชายรองเท้านักเรียนนักเรียนนักศึกษาร้อยสร้างรองเท้าฤดูใบไม้ร่วงและฤดูหนาวรองเท้าผู้ชายอังกฤษ
ch:工厂直销男鞋秋季2019新款潮鞋运动休闲鞋男士飞织鞋透气网面鞋 th:โรงงานขายรองเท้าผู้ชายฤดูใบไม้ร่วง 2019 ใหม่รองเท้ากีฬารองเท้าสันทนาการรองเท้าผู้ชายบินถักรองเท้าระบายอากาศตาข่ายรองเท้า
ch:高帮男鞋2019冬季新款男士休闲马丁靴加绒保暖棉鞋男真皮羊毛加厚 th:สูงช่วยผู้ชายรองเท้า 2019 ฤดูหนาวใหม่สุภาพบุรุษสันทนาการมาร์ตินรองเท้ากับผ้าฝ้ายผ้ารองเท้าผู้ชายหนังแท้หนา
ch:爆2019新款保暖雪地靴男士加绒男鞋户外防寒靴防水男靴子高帮棉靴 th:ใหม่อบอุ่นหิมะรองเท้าผู้ชายผ้าขนสัตว์รองเท้ากลางแจ้งกันน้ำเย็นรองเท้าผู้ชายรองเท้าผ้าฝ้ายสูง
ch:男鞋2019秋冬季飞织加绒棉鞋潮流休闲运动鞋男士大码46轻便跑步鞋 th:ผู้ชายรองเท้า 2019 ฤดูใบไม้ร่วงฤดูหนาวบินถักเพิ่มรองเท้าผ้าฝ้ายนันทนาการรองเท้าผู้ชายขนาดใหญ่ 46 แสงรองเท้าวิ่ง
ch:OPL男鞋|加厚雪地靴保暖男鞋冬季潮鞋加绒秋冬运动鞋男士加绒棉鞋 th:รองเท้าผู้ชายที่อบอุ่นด้วยหิมะหนารองเท้าผู้ชายรองเท้าฤดูหนาวรองเท้าฤดูใบไม้ร่วงและฤดูหนาว
ch:商务男鞋正装休闲鞋英伦透气潮流鞋子漆皮内增高韩版皮鞋男士夏季 th:รองเท้าผู้ชายธุรกิจชุดสบายๆรองเท้าแฟชั่นอังกฤษระบายอากาศรองเท้าหนังเกาหลีเพิ่มขึ้นในฤดูร้อน
ch:冬季男士骑士靴加绒保暖马丁皮靴男高筒真皮休闲军靴工装男靴代发 th:ฤดูหนาวอัศวินชายรองเท้ากับผ้าขนสัตว์ที่อบอุ่นมาร์ตินรองเท้าหนังผู้ชายสูงหนังแท้สันทนาการทหารรองเท้าบูตเครื่องแต่งกายสำหรับผู้ชาย
ch:2019新款秋冬季男士欧美马丁靴休闲中帮皮靴保暖男靴雪地靴子潮鞋 th:ฤดูใบไม้ร่วงและฤดูหนาวใหม่สำหรับผู้ชายยุโรปและอเมริกามาร์ตินรองเท้าบู๊ทในยามว่างช่วยให้ผู้ชายอบอุ่นรองเท้าหิมะรองเท้า
ch:冬季皮毛一体三接头羊毛男士短靴皮靴高帮商务皮鞋潮男鞋军靴大码 th:ฤดูหนาวขนสัตว์หนึ่งข้อต่อสามขนสัตว์สั้นรองเท้าบูทหนังสูงแก๊งรองเท้าหนังธุรกิจรองเท้าผู้ชาย
ch:19男靴中筒系带工装靴PU马丁靴秋季爆款外贸男鞋靴子潮鞋39-44 th:ผู้ชายรองเท้าผูกรองเท้า PU Martin รองเท้าฤดูใบไม้ร่วงระเบิดการค้าต่างประเทศรองเท้าผู้ชาย
ch:马丁靴男秋季新款百搭真皮工装男靴高帮潮流时尚复古男士沙漠军靴 th:มาร์ตินรองเท้าบูทผู้ชายฤดูใบไม้ร่วงรูปแบบใหม่ของหนังรองเท้าผู้ชายสูงแฟชั่นย้อนยุคชายทะเลทรายรองเท้า
ch:新款系带男士休闲鞋真皮头层牛皮保暖特大码男鞋厂家直销38-47码 th:ผูกห่อใหม่สำหรับผู้ชายรองเท้าหนังหัวหนังวัวหนังชั้นอบอุ่นพิเศษผู้ผลิตรองเท้าผู้ชายโดยตรง 38-47 รหัส
ch:俊斯特2019经典英伦皮鞋 正装商务男鞋男士真皮鞋子婚鞋一件代发 th:คลาสสิกอังกฤษรองเท้าหนังผู้ชายธุรกิจรองเท้าผู้ชายรองเท้าหนังรองเท้าแต่งงาน
ch:2019秋季新款学生透气运动鞋女鞋  韩版潮迷彩网布男士休闲鞋男鞋 th:ฤดูใบไม้ร่วงฤดูใบไม้ร่วงนักเรียนใหม่ระบายอากาศรองเท้าผ้าใบรองเท้าผู้หญิงรองเท้าผู้ชายรองเท้าผู้ชาย
ch:“女士袋” th:"กระเป๋าผู้หญิง"
ch:莱州手工沙滩草编包包 女士编织草包 手提草编袋定制批发 th:มือถักถุงถุงถุงถักหญ้าถุงผู้หญิง
ch:定制新款水桶流苏沙滩草编包 个性时尚绣花夹口女式单肩包晚宴包 th:ปรับแต่งถังน้ำใหม่ถุงทรายถักหญ้าบุคลิกภาพแฟชั่นเย็บปักถักร้อยกระเป๋าสะพายกระเป๋าเย็น
ch:男士保暖头套露眼针织毛线帽韩版女士套头帽子大童防寒护脖一体帽 th:ผู้ชายที่อบอุ่นถักหมวกขนสัตว์ผู้หญิงเกาหลีหมวกหัวเด็กป้องกันความเย็น
ch:女士背包外贸批发新款女包手提包单肩包购物袋托特包工厂直销代发 th:กระเป๋าสะพายกระเป๋าถือเป้สะพายหลังขายส่งกระเป๋าสะพายกระเป๋าถือเป้สะพายหลัง
ch:Roll-N-GO Cosmetic Bag超大容量四层旅行 大牌化妆包 饰品收纳包 th:สี่ชั้นใหญ่เดินทางกระเป๋าเครื่องสำอางรับกระเป๋าเครื่องประดับ
ch:亮片啪啪圈手环套装零亮片钱包化妆包亚马逊爆款跨境现货儿童礼品 th:ชุดแต่งหน้าศูนย์เลื่อมกระเป๋าเงิน Amazon ระเบิดข้ามพรมแดนจุดของขวัญสำหรับเด็ก
ch:2019新款大容量尼龙环保购物袋时尚印花PINK女士单肩包一件代发 th:2019 ถุงช้อปปิ้งไนล่อนขนาดใหญ่ปริมาณสิ่งแวดล้อมแฟชั่นการพิมพ์คุณพินค์กระเป๋าสะพายข้างเดียว
ch:2018款时尚女士单肩PVC包透明防水斜跨手机包时尚手袋 th:กระเป๋าสะพายกระเป๋าถือเป้สะพายหลังพีวีซีกระเป๋าแฟชั่น
ch:2019女包时尚简约百搭单肩斜挎链条小方包韩版晚宴手拿包厂家批发 th:กระเป๋าสะพายกระเป๋าถือเป้สะพายข้างกระเป๋าแฟชั่นกระเป๋าผู้หญิงขายส่งกระเป๋าแฟชั่น
ch:新款大容量含内袋透明挎包女旅行化妆包收纳包pvc果冻托特包定制 th:กระเป๋าสะพายกระเป๋าถือเป้สะพายข้างกระเป๋าผู้หญิงท่องเที่ยวกระเป๋าแต่งหน้ารับแพ็คเก็ตพีวีซีเยลลี่แพ็ค
ch:儿童卡通小斜挎包单肩男女可爱零钱袋手机化妆包零食面包超人小袋 th:กระเป๋าสะพายกระเป๋าถือเป้
ch:手工编织包ins草编包巴厘岛旅游包女士包袋沙滩包手提包纸绳包 th:กระเป๋าสะพายกระเป๋าถือเป้
ch:厂家批发大容量单肩包尼龙防水健身瑜伽包女士户外旅行行李袋定制 th:กระเป๋าสะพายกระเป๋าถือเป้สะพายหลังผู้ผลิตขายส่งกระเป๋าสะพายกระเป๋าถือเป้สะพายหลังขนาดใหญ่
ch:厂家直销女士包袋批发大容量女士单肩包休闲包地摊女包货源跑江湖 th:ผู้ผลิตกระเป๋าผู้หญิงขายส่งกระเป๋าผู้หญิงกระเป๋าสะพายกระเป๋าถือเป้สะพายหลัง
ch:儿童玩具包装盒 彩色瓦纸盒 厂家毛巾包装女士内裤包装袋内裤包装 th:กล่องใส่ของเล่นเด็กกล่องสีกระเบื้องผ้าขนหนูผู้ผลิตผู้หญิงชุดชั้นใน
ch:专业定做创意透明PVC儿童双肩包玩具包化妆包果冻包骨头形状包 th:พีวีซีสร้างสรรค์โปร่งใสกระเป๋าสะพายกระเป๋าเด็กของเล่นแต่งหน้าแพ็คเยลลี่ห่อรูปร่างกระดูก
ch:韩ins简约卡通查理透明防水化妆包pvc便携包洗漱包沙滩手提收纳袋 th:กระเป๋าพีวีซีกระเป๋าแบบพกพากระเป๋าเครื่องซักผ้ากระเป๋าชายหาดแบบพกพา
ch:时尚老花儿童包韩版时尚PU印花儿童化妆包童模链条装饰圆筒小包包 th:กระเป๋าแฟชั่นกระเป๋าแฟชั่นเด็กแฟชั่นเด็กแฟชั่นพิมพ์ PU แต่งหน้าเด็ก
ch:男士三角裤牛皮纸袋 良品女士妇人内衣内裤通用包装袋 袜子包装袋 th:กระเป๋าผู้ชายกระเป๋าผู้หญิงชุดชั้นในผู้หญิงชุดชั้นในกระเป๋าถุงเท้าถุงบรรจุภัณฑ์สากล
ch:PVC女包日韩新款果冻包单肩斜跨链条包高温定型手机零钱化妆小包 th:กระเป๋าผู้หญิงพีวีซีญี่ปุ่นและเกาหลีใหม่เยลลี่กระเป๋าเดี่ยวไหล่เอียงข้ามโซ่กระเป๋าอุณหภูมิสูงรูปร่างโทรศัพท์มือถือเปลี่
ch:亲子东北雷锋帽男女儿童卡通防寒帽冬天加绒帽男女士棉口罩骑车帽 th:เด็กภาคตะวันออกเฉียงเหนือหมวกการ์ตูนเด็กหมวกกันหนาวหมวกผ้าฝ้ายผู้ชายผู้หญิงหน้ากากปั่นจักรยานหมวก
ch:女士背包外贸批发新款女包手提包单肩包购物袋托特包工厂直销 th:กระเป๋าสะพายกระเป๋าถือเป้สะพายหลังขายส่งกระเป๋าสะพายกระเป๋าถือเป้สะพายหลัง
ch:新款时尚迷你行李箱女士手拿挎包化妆品收纳包防水洗漱包手机包 th:กระเป๋าเดินทางแฟชั่นใหม่มินิกระเป๋าผู้หญิงมือถือกระเป๋าเครื่องสำอางรับกระเป๋ากันน้ำล้างกระเป๋าโทรศัพท์มือถือ
ch:欧美时尚亚克力女包拼接手拿包亚马逊爆款晚宴包礼服包一件代发 th:ยุโรปและอเมริกาแฟชั่นกระเป๋าผู้หญิง acrylic เย็บปะติดปะต่อกันในมือถือถุง Amazon ระเบิดเย็นชุดแต่งงานชุดแพคเกจ
ch:韩版菱格可爱化妆包批发 涤纶纯色女款手拿包旅行杂物整理袋 th:กระเป๋าน่ารักขายส่งโพลีเอสเตอร์สีทึบผู้หญิงมือถือกระเป๋าเดินทางถุงเสร็จสิ้น
ch:跨境2019韩版潮时尚瑜伽包轻便运动手提包女士包袋全新单肩包纯色 th:กระเป๋าสะพายกระเป๋าถือเป้
ch:韩国布朗熊斜挎包抖音网红手机卡通防水手提化妆包可爱亲子单肩包 th:กระเป๋าสะพายกระเป๋าถือเป้สะพายหลังสีน้ำตาลเกาหลีกระเป๋าสะพายกระเป๋าถือเป้สะพายหลัง
ch:休闲花布妈咪包热卖地摊包货源跑江湖女士牛津布包袋单肩斜挎布包 th:กระเป๋าผ้าสันทนาการแม่กระเป๋าร้อนขายสินค้าที่ยืนขายกระเป๋าวิ่งแม่น้ำทะเลสาบออกซ์ฟอร์ดกระเป๋าผ้ากระเป๋าเดียวไหล่กระเป๋าผ้ากระเป๋า
ch:pu斜挎1.8cm 女士包包肩带 可调节手提袋背带 可拆卸包配件 th:กระเป๋าสะพายกระเป๋าถือเป้
ch:全店赠送运费险2019年秋冬钱袋设计韩流手工制作牛皮休闲女士短靴 th:ร้านค้าทั้งหมดให้ประกันภัยค่าขนส่ง 2019 ฤดูใบไม้ร่วงและฤดูหนาวกระเป๋าเงินออกแบบเกาหลีมือทำหนังวัวผู้หญิงรองเท้าสั้น
ch:批发新款印花双肩包女士户外四件套背包学生书包韩版手提包笔袋 th:ขายส่งกระเป๋าสะพายกระเป๋าถือเป้สะพายหลังแฟชั่นเกาหลีกระเป๋าสะพายกระเป๋าถือเป้
ch:女士包手机包小巧可爱包包女新款时尚单肩包帆布包斜跨包旅游包袋 th:กระเป๋าสะพายกระเป๋าถือเป้
ch:厂家直销新款手提女士竹编包户外旅游沙滩包透明手提袋时尚百搭款 th:กระเป๋าแฟชั่นกระเป๋าถือกระเป๋าสะพายกระเป๋าถือเป้สะพายหลัง
ch:新款折叠老花镜金属高档经典老花眼镜框树脂高清镜片阅读眼镜袋 th:ใหม่พับเก่าแว่นตาโลหะคุณภาพสูงคลาสสิกเก่าแว่นตากรอบเรซิ่นเลนส์ความละเอียดสูงเลนส์อ่านถุงแก้ว
ch:新款2018防水牛津布包女韩版休闲手提包厂家直销化妆女包索布拉 th:กระเป๋าสะพายกระเป๋าถือเป้สะพายข้างกระเป๋าถือผู้ผลิตกระเป๋าสะพายกระเป๋าถือเป้
ch:批发韩版手提化妆包雾花品牌化妆包 大波点双层手提化妆包 th:ขายส่งรุ่นเกาหลีมือถือเครื่องสำอางแพ็คสเปรย์ดอกไม้ยี่ห้อแต่งหน้าแพ็คคลื่นใหญ่จุดสองชั้นกระเป๋าเครื่องสำอางแบบพกพา
ch:跨境17时尚单肩包大容量购物袋简约印花字母时尚女士包袋批发 th:กระเป๋าสะพายกระเป๋าถือเป้
ch:milkjoy棒棒女孩果冻包 小啫喱贝壳包 镭射少女心化妆包 透明pvc th:แพ็คเก็ตเจลเปลือกหอยหัวใจสาวเลเซอร์แต่งหน้าแพ็คพีวีซีโปร่งใส
ch:2019年新款时尚百搭女士单肩手提托特包大容量购物袋！GD110407 th:2019 แฟชั่นรูปแบบใหม่สำหรับผู้หญิงที่มีกระเป๋ามือถือกระเป๋าช้อปปิ้งขนาดใหญ่ gd110407
ch:2019新款欧美亚克力手提时尚透明圆球晚宴包晚装包批发一件代发 th:2019 ใหม่สไตล์ยุโรปและอเมริกา acrylic มือถือแฟชั่นโปร่งใสบอลเย็นแพ็คเก็ตขายส่ง
ch:跨境电商爆款女包亚克力晚宴包手拿包亚马逊速卖通礼服包一件代发 th:ข้ามพรมแดนผู้ผลิตไฟฟ้าระเบิดกระเป๋าผู้หญิงคริลิคดินเนอร์ถือกระเป๋า Amazon ขายชุดแพคเกจ
ch:加绒加厚女士套头毛线围脖韩版儿童08数字针织帽子学生骑车防寒帽 th:ผ้าขนสัตว์ผ้าขนสัตว์ผ้าขนสัตว์ผ้าพันคอผ้าพันคอผ้าพันคอผ้าขนสัตว์ผ้าพันคอผ้าพันคอผ้าขนสัตว์ผ้าพันคอผ้าพันคอผ้าขนสัตว์ผ้าขนสั
ch:夏季新款镭射腰包炫彩女士胸包大容量斜挎单肩包时尚运动PU化妆包 th:กระเป๋าสะพายกระเป๋าถือเป้สะพายหลังขนาดใหญ่กระเป๋าสะพายไหล่สะพายข้างกระเป๋ากีฬาแฟชั่น PU แต่งหน้ากระเป๋า
ch:女士背包外贸批发新款米奇女包手提包单肩包购物袋托特包工厂直销 th:กระเป๋าสะพายกระเป๋าถือเป้สะพายหลังขายส่งกระเป๋าสะพายกระเป๋าถือเป้สะพายหลัง
ch:可爱卡通 日本bunny兔子鸭子毛绒公仔斜挎包女士背包 包袋 th:กระเป๋าสะพายกระเป๋าถือเป้
ch:新款时尚迷你行李箱女士手拿挎包化妆品收纳包防水洗漱包手机包 th:กระเป๋าเดินทางแฟชั่นใหม่มินิกระเป๋าผู้หญิงมือถือกระเป๋าเครื่องสำอางรับกระเป๋ากันน้ำล้างกระเป๋าโทรศัพท์มือถือ
ch:PVC拉链袋透明收纳包 PVC化妆包 翻袋车缝工艺厂家批发 th:กระเป๋าซิปพีวีซีกระเป๋าใสรับแต่งหน้ากระเป๋าพีวีซีพลิกกระเป๋าเย็บงานฝีมือโรงงานขายส่ง
ch:透明加厚pvc女包女式通勤果冻手提包夏季出游沙滩袋直销可OEM定制 th:กระเป๋าสะพายกระเป๋าถือเป้สะพายข้างกระเป๋าสะพายกระเป๋าถือเป้สะพายหลัง
ch:透明包珍珠夹口单肩包夏季女包夹口晚宴包链条包仙女包包甜美韩版 th:กระเป๋าสะพายกระเป๋าถือเป้
ch:PVC透明幻彩化妆包镭射透明防水洗漱包大容量便携多功能拉链袋 th:พีวีซีโปร่งใสสีเครื่องสำอางกระเป๋าใสเลเซอร์กันน้ำล้างแพ็คกระเป๋าขนาดใหญ่แบบพกพาอเนกประสงค์ซิปถุง
ch:跨境专供手工藤编贝壳女士单肩斜跨草编ＩＮＳ大热包袋批发 th:ข้ามพรมแดนมีไว้สำหรับมือคุณเปลือกหอยหวายเดี่ยวไหล่เอียงข้ามฟางถุงร้อนขายส่ง
ch:沙滩草编包2019女链条单肩包小手提包手工编织包女士晚宴包藤包 th:กระเป๋าสะพายกระเป๋าถือเป้สะพายหลังกระเป๋าถือกระเป๋าสะพายกระเป๋ากีฬาเป้สะพายหลัง
ch:韩版包包2019新款儿童单肩斜挎包字母公主化妆包幼儿零钱链条包包 th:กระเป๋าสะพายกระเป๋าถือเป้สะพายหลังกระเป๋าแฟชั่นเกาหลีกระเป๋าเด็กกระเป๋าสะพายไหล่ข้างหน้ากระเป๋าเด็ก
ch:外贸女包2019新款单肩包PVC透明化妆包镭射幻彩斜跨手提包批发 th:กระเป๋าสะพายกระเป๋าถือเป้สะพายข้างกระเป๋าถือขายส่งกระเป๋าสะพายกระเป๋าถือเป้
ch:女士化妆包牛津布包定制 家居收纳箱包户外旅行手提包女包热销 th:กระเป๋าสะพายกระเป๋าถือเป้สะพายหลังกระเป๋าแฟชั่นกระเป๋าผ้า
ch:包包女19上新款潮搞怪卡通少女小方盒手机化妆包秋冬立体斜挎单肩 th:กระเป๋าผู้หญิง 19 แฟชั่นใหม่ทำให้การ์ตูนสาวน้อยกล่องสี่เหลี่ยมโทรศัพท์มือถือกระเป๋าเครื่องสำอางฤดูใบไม้ร่วงและฤดูหนาวสามมิติเอียงไหล่เดี่ยว
ch:C0704 C字母女士大单肩渐变色手提斜挎购物袋包包 一件代发 th:c0704 ตัวอักษร C ผู้หญิงไหล่เปลี่ยนสีค่อยๆถุงช้อปปิ้งแบบพกพา
ch:亚克力晚宴包五金配件手把提手手提拎环 th:กระเป๋าอุปกรณ์ฮาร์ดแวร์มือถือแหวน
ch:一件代发牛津布印花便当包 女士手拎包保温饭盒袋饭盒包手野餐包 th:การพิมพ์ผ้าออกซ์ฟอร์ดสำหรับผู้หญิงมือถือกระเป๋ากล่องอาหารกลางวันกระเป๋ามือปิคนิค
ch:春季新款单肩包女时尚韩版女式户外休闲运动旅行斜挎包手机化妆包 th:ฤดูใบไม้ผลิแฟชั่นกระเป๋าสะพายกระเป๋าถือเป้สะพายหลังแฟชั่นสตรีกลางแจ้งกีฬาสันทนาการท่องเที่ยวกระเป๋าสะพายข้างกระเป๋าเครื่องสำอางโทรศัพท์มือถือ
ch:女人的鞋 th:"รองเท้าผู้หญิง"
ch:男人的衣服 th:"เสื้อผ้าผู้ชาย"
ch:男人的衣服 th:"เสื้อผ้าผู้ชาย"
ch:2019秋冬季女鞋粗跟尖头短靴女中跟短筒马丁靴真皮松紧带及裸靴子 th:2019 ฤดูใบไม้ร่วงและฤดูหนาวรองเท้าผู้หญิงหยาบส้นเท้าแหลมสั้นรองเท้าผู้หญิงส้นรองเท้ามาร์ตินรองเท้าหนังยืดหยุ่นและรองเท้าเปลือย
ch:欧洲站靴子女秋冬新款低粗跟方头机车帅气短靴侧拉链系带马丁靴潮 th:ยุโรปรองเท้าเด็กฤดูใบไม้ร่วงและฤดูหนาวใหม่ต่ำหยาบสี่เหลี่ยมหัวรถจักรหล่อสั้นรองเท้าด้านข้างซิปผูกมาร์ตินรองเท้า
ch:厂家直销2019冬新款粗跟中跟短靴女厚底马丁靴防水毛线袜子雪地靴 th:ผู้ผลิตโดยตรง 2019 ฤดูหนาวใหม่ส้นเท้าหยาบกลางและสั้นรองเท้าผู้หญิงรองเท้ามาร์ตินรองเท้ากันน้ำถุงเท้าขนสัตว์รองเท้าหิมะ
ch:芙号 配裙子穿的靴子女夏短靴女2019新款绒面尖头细跟英伦风 th:ผู้หญิงในฤดูร้อนรองเท้าบูท 2019 กับชุดใหม่ปลายแหลมและอังกฤษ
ch:马丁靴女真皮英伦风百搭黑色帅气机车短靴2019年秋冬新款 a100602 th:มาร์ตินรองเท้าผู้หญิงหนังแท้อังกฤษลมหล่อสีดำตู้รถไฟรองเท้าสั้น 2019 ฤดูใบไม้ร่วงและฤดูหนาวใหม่ a100602
ch:长筒过膝靴靴子女冬加绒透气高粗跟弹力瘦瘦靴配裙子穿的靴子 th:รองเท้าที่เด็กสวมใส่ในฤดูหนาวกับผ้าขนสัตว์สูงและยืดหยุ่นสูง
ch:ins超火的袜子鞋女2019春夏新款高帮休闲男女情侣鞋透气一件代发 th:รองเท้าถุงเท้าผู้หญิง 2019 ฤดูใบไม้ผลิและฤดูร้อนสไตล์ใหม่สูงช่วยให้ผู้ชายและผู้หญิงที่จะผ่อนคลายรองเท้าสำหรับผู้ชายและผู้หญิง
ch:2019秋冬新款英伦马丁靴女百搭学生机车靴女街拍短靴ins休闲单靴 th:2019 ฤดูใบไม้ร่วงและฤดูหนาวใหม่อังกฤษมาร์ตินรองเท้ารองเท้าผู้หญิงนักเรียนนักศึกษารถจักรยานยนต์รองเท้าสตรีทถนนรองเท้าสั้นเดี่ยวรองเท้า
ch:新款老北京布鞋女大码保暖棉靴中老年雪地靴女妈妈鞋棉鞋一件代发 th:ใหม่เก่าปักกิ่งผ้ารองเท้าผู้หญิงรหัสใหญ่อบอุ่นรองเท้าผ้าฝ้ายเก่าหิมะรองเท้าผู้หญิงรองเท้าฝ้ายรองเท้าผู้หญิง
ch:现货2019夏季女圆头休闲女式皮靴侧拉链马丁靴中跟女鞋代理加盟 th:จุด 2019 ฤดูร้อนผู้หญิงรอบหัวสันทนาการรองเท้าหนังผู้หญิงข้างซิปมาร์ตินรองเท้ารองเท้ากับตัวแทนผู้หญิง
ch:ins马丁靴女秋季2019新款韩版百搭时尚潮厚底短筒鞋网红瘦瘦短靴 th:รองเท้าสตรีฤดูใบไม้ร่วง 2019 รุ่นเกาหลีใหม่ร้อยสร้างแฟชั่นรองเท้าสุทธิสีแดงผอมรองเท้า
ch:受伤的军靴吴宣仪同款牛皮帅气马丁靴女英伦风2019年新款款短靴 th:ได้รับบาดเจ็บทหารรองเท้าวูซวนอี้กับหนังวัวหล่อมาร์ตินรองเท้าผู้หญิงอังกฤษลม 2019 รุ่นใหม่ของรองเท้าสั้น
ch:横扫市场的靴子 暴走不累百搭羊猄反绒真皮 弹力靴筒 舒适短靴女 th:รองเท้าที่กวาดตลาดไม่เหนื่อยกับการสร้างสัตว์ที่มีส้นรองเท้าหนังยืดรองเท้าสั้นสบาย
ch:2019秋冬新款真皮中筒靴女中老年妈妈鞋中跟粗跟加绒保暖棉靴马靴 th:ฤดูใบไม้ร่วงและฤดูหนาวรูปแบบใหม่ของรองเท้าหนังแท้รองเท้าสตรีวัยกลางคนและผู้สูงอายุแม่รองเท้าส้นหนาเพิ่มผ้าฝ้ายรองเท้าบูทอบอุ่น
ch:短靴女 粗跟加绒靴子女2019秋冬韩版网红ins超火的马丁靴42大码鞋 th:รองเท้าส้นเตี้ยสำหรับเด็ก 2019 ฤดูใบไม้ร่วงและฤดูหนาวรองเท้าสีแดงรองเท้ามาร์ติน
ch:显脚小的ann马丁靴女ins酷黑色帅气英伦风百搭街头网红瘦瘦短靴子 th:เท้าเล็กๆน้อยๆแอนมาร์ตินรองเท้าผู้หญิงสีดำเย็นหล่ออังกฤษลมถนนตาข่ายสีแดงบางรองเท้าสั้น
ch:2019马丁靴最新爆款明星韩板女加绒保暖时尚v口翻毛皮短筒ins短靴 th:2019 มาร์ตินรองเท้าระเบิดล่าสุดดาราเกาหลีจานผู้หญิงกับผ้าขนสัตว์ที่อบอุ่นแฟชั่น v-port พลิกขนสัตว์ขาสั้นรองเท้า
ch:靴子女2019秋冬季新款磨砂中跟显瘦过膝长筒靴女百搭粗跟马丁靴女 th:เด็กรองเท้า 2019 ฤดูใบไม้ร่วงฤดูหนาวใหม่ฝ้ากับบางเข่ารองเท้าผู้หญิงหยาบกับมาร์ตินรองเท้า
ch:ins超火的鞋子女2019秋冬季新款百搭毛线口瘦瘦靴补丁丑鞋袜子靴 th:ฤดูใบไม้ร่วงฤดูใบไม้ร่วงฤดูหนาวรูปแบบใหม่ร้อยจับขนสัตว์ปากบางรองเท้ารองเท้าน่าเกลียดรองเท้าถุงเท้า
ch:马丁靴女2019秋冬新款粗跟英伦风手工复古真皮短靴配裙子穿的靴子 th:ฤดูใบไม้ร่วงและฤดูหนาวรองเท้าหนังย้อนยุคด้วยมือสไตล์อังกฤษกับกระโปรง
ch:真皮布洛克雕花短靴女2019秋冬新款牛皮圆头拼色平底马丁靴子40码 th:หนังแท้บล็อครองเท้าผู้หญิง 2019 ฤดูใบไม้ร่วงและฤดูหนาวหนังใหม่โค้งมนหัวแบนสีมาร์ตินบูต
ch:真皮长筒靴女冬平底中长款靴子小个子不过膝长靴牛皮高筒靴骑士靴 th:หนังรองเท้าบูทหนังรองเท้าบูทหนังรองเท้าอัศวินสูงหนังรองเท้าสูง
ch:外贸新款女圆头人造PU欧美女式皮靴侧拉链时装靴厚增高中跟女鞋 th:การค้าต่างประเทศใหม่รอบหัวผู้หญิงเทียม PU ยุโรปและอเมริการองเท้าหนังผู้หญิงซิปด้านข้างรองเท้าแฟชั่นเพิ่มความหนาของรองเท้าแฟชั่นส้นเท้าผู้หญิ
ch:加绒马丁靴女2019冬季新款百搭ins网红加厚保暖平底雪地短靴棉鞋 th:รองเท้าผ้าฝ้ายสีแดงกับหิมะที่อบอุ่นและรองเท้าสั้น
ch:ins超火的靴子女2019秋新款英伦风平跟真皮马丁靴女百搭休闲高帮 th:ใหม่สไตล์อังกฤษแบนกับหนังแท้มาร์ตินรองเท้าผู้หญิงสร้างแก๊งสบายๆ
ch:复古靴子女2019秋冬新款百搭配牛仔裤穿的马丁靴韩版风粗跟短靴女 th:ฤดูใบไม้ร่วงและฤดูหนาวใหม่ร้อยคู่กับมาร์ตินรองเท้ารองเท้าสไตล์เกาหลีสำหรับผู้หญิง
ch:现货2019夏季女圆头休闲女式皮靴侧拉链马丁靴中跟女鞋代理加盟 th:จุด 2019 ฤดูร้อนผู้หญิงรอบหัวสันทนาการรองเท้าหนังผู้หญิงข้างซิปมาร์ตินรองเท้ารองเท้ากับตัวแทนผู้หญิง
ch:短靴女 粗跟加绒靴子女2019秋冬韩版网红ins超火的马丁靴41大码鞋 th:รองเท้าส้นเตี้ยรองเท้าเด็ก 2019 ฤดูใบไม้ร่วงและฤดูหนาวเกาหลีสุทธิสีแดงอินซ์ไฟมาร์ตินบู๊ทส์
ch:配裙子的鞋2019秋冬季百搭复古卡其色牛反绒皮真皮宽口短靴女平底 th:รองเท้าที่ตรงกับกระโปรง 2019 ฤดูใบไม้ร่วงฤดูหนาวร้อยจับคู่วินเทจสีกากีวัวหนังผ้าขนสัตว์หนังกว้างปากสั้นรองเท้าผู้หญิง
ch:爆款女鞋 ins超火的鞋子英伦复古马丁靴女2019秋冬季新款加绒靴子 th:ระเบิดรองเท้าผู้หญิงรองเท้าซูเปอร์ไฟรองเท้ามาร์ตินวินเทจอังกฤษ
ch:超有女人味的全真皮优雅小方头猫跟2019春季新拼色羊皮蝴蝶结单鞋 th:หนังแท้หรูหราสี่เหลี่ยมเล็กๆน้อยๆสำหรับผู้หญิงและ 2019 ใหม่หนังแกะโบว์เดี่ยวรองเท้า
ch:短靴女秋冬2018新款马丁靴女英伦风学生韩版百搭chic短筒粗跟 th:ฤดูใบไม้ร่วงและฤดูหนาว 2018 ใหม่มาร์ตินรองเท้าผู้หญิงอังกฤษเกาหลีรุ่นนักเรียนนักศึกษา
ch:跨境原创2019年秋冬新款铆钉真皮马丁靴女欧美时尚压花批发短靴子 th:ข้ามพรมแดนเดิม 2019 ฤดูใบไม้ร่วงและฤดูหนาวใหม่หนังหมุดมาร์ตินรองเท้าผู้หญิงยุโรปและอเมริกาแฟชั่นลายนูนขายส่งรองเท้าสั้น
ch:2019秋冬季新款方头后拉链配裙子穿的单靴时尚短靴女瘦瘦靴女11-5 th:ฤดูใบไม้ร่วงฤดูหนาวรูปแบบใหม่ด้านหลังหัวซิปกับกระโปรงใส่รองเท้าแฟชั่นรองเท้าเดียวสั้นรองเท้าผู้หญิงผอม
ch:ins超火的鞋子女2018夏季新款韩版百搭弹力袜子鞋透气高帮长筒靴 th:ฤดูร้อนใหม่สไตล์เกาหลีรุ่นยืดถุงเท้ารองเท้าระบายอากาศสูงแก๊งรองเท้า
ch:女圆头真皮欧美女式皮靴前系带马丁靴厚增高中跟女鞋厂家批发 th:ผู้หญิงรอบหัวหนังแท้ยุโรปและอเมริกาผู้หญิงรองเท้าหนังผูกมาร์ตินรองเท้าหน้าหนาเพิ่มขึ้นในขายส่งกับผู้ผลิตรองเท้าผู้หญิง
ch:女尖头皮靴新款高跟女鞋秋冬季细跟网红小跟靴貂毛短靴牛皮时尚靴 th:รองเท้าหนังศีรษะผู้หญิงรองเท้าส้นสูงใหม่ฤดูใบไม้ร่วงและฤดูหนาวปรับสุทธิสีแดงเล็กๆน้อยๆส้นรองเท้าสั้นรองเท้าแฟชั่นวัว
ch:厂家直销外贸进击的巨人cos艾伦兵长三笠长靴军靴平跟平底骑士女 th:ผู้ผลิตโดยตรงการค้าต่างประเทศเข้าโจมตียักษ์คอสอัลเลนยาวรองเท้าบูทกองทัพมิกะเรียบอัศวินแบน
ch:女方头超纤欧美女式皮靴后拉链马丁靴厚透气低跟女鞋厂家直销 th:ผู้หญิงหัวซูเปอร์เส้นใยยุโรปและอเมริกาผู้หญิงรองเท้าซิปหลังซิปมาร์ตินรองเท้าระบายอากาศต่ำผู้ผลิตรองเท้าผู้หญิงโดยตรง
ch:马丁靴女英伦风2019冬季透气配裙子穿的靴子网红水钻短靴春秋棉靴 th:ฤดูหนาวอากาศถ่ายเทได้ดีกับกระโปรงรองเท้ารองเท้ารองเท้าสุทธิสีแดงรองเท้าบูตสั้นฤดูใบไม้ผลิและฤดูใบไม้ร่วงรองเท้าผ้าฝ้าย
ch:牛皮黑色帅气8孔马丁靴女2019秋冬季真皮显瘦短靴系带机车靴40码 th:หนังวัวสีดำหล่อหล่อ 8-hole มาร์ตินรองเท้าผู้หญิง 2019 ฤดูใบไม้ร่วงฤดูหนาวหนังแท้บางรองเท้าผูกหุ้นยนต์รองเท้า
ch:马丁靴女2019新款 百搭 网红英伦低跟平底真皮短靴短筒女靴机车靴 th:มาร์ติน 2019 รองเท้าบูทใหม่สีแดงอังกฤษต่ำและรองเท้าหนังแท้แบน
ch:亚马逊外贸新款2019秋季女圆头民族女式皮靴侧拉链骑士靴中跟女鞋 th:ผู้หญิงในฤดูใบไม้ร่วงของผู้หญิงรอบหัวด้านข้างซิปรองเท้าอัศวิน
ch:女圆头超纤欧美女式皮靴套筒骑士靴厚增高中跟女鞋厂家批发 th:ผู้หญิงรอบหัวซูเปอร์เส้นใยยุโรปและอเมริการองเท้าหนังแขนอัศวินรองเท้าหนาเพิ่มขึ้นในการค้าส่งกับผู้ผลิตรองเท้าผู้หญิง
ch:跨境原创2019年秋冬新款粗跟鞋女真皮圆头短靴女高跟欧美外销批发 th:ข้ามชายแดนเดิม 2019 ฤดูใบไม้ร่วงและฤดูหนาวใหม่ส้นเท้าหนังหยาบผู้หญิงรอบหัวสั้นรองเท้าส้นสูงผู้หญิงยุโรปและอเมริกาขายส่งส่งออก
ch:女圆头真皮休闲女式皮靴后拉链马丁靴厚增高中跟女鞋工厂批发 th:ผู้หญิงที่มีหัวหนังแท้สันทนาการรองเท้าหลังซิปมาร์ตินรองเท้าหนาเพิ่มขึ้นในโรงงานรองเท้าผู้หญิงขายส่ง
ch:女圆头真皮韩版女式皮靴前系带马丁靴龙齿个性女绑带女鞋工厂批发 th:ผู้หญิงรอบหัวหนังแท้เกาหลีรองเท้าหนังผู้หญิงก่อนผูกมาร์ตินรองเท้าฟันมังกรบุคลิกภาพผู้หญิงผูกโรงงานขายส่งรองเท้าสตรี
ch:2016冬季二棉女高帮靴子中筒靴系带保暖女鞋 th:ฤดูหนาวรองเท้าผ้าฝ้ายผู้หญิงสูงกลางรองเท้าผูกรองเท้าสตรีอบอุ่น
ch:切尔西短靴女网红同款圆头真皮低跟马丁单靴复古雕花英伦风靴子女 th:เชลซีรองเท้าบูทสีแดงกับหนังแท้หัวต่ำกับมาร์ตินรองเท้าเดี่ยว
ch:加绒老爹鞋ins超火的鞋子女2019冬新款百搭韩版厚底运动高帮鞋女 th:รองเท้าเด็ก 2019 ฤดูหนาวใหม่ร้อยจับคู่กับพื้นหนากีฬารองเท้าสูงสำหรับผู้หญิง
ch:2019秋冬季马丁靴女英伦风学生粗跟透气机车靴子圆头系带短筒短靴 th:ฤดูใบไม้ร่วงฤดูหนาวมาร์ตินรองเท้าบูทนักเรียนหญิงอังกฤษหยาบส้นเท้าระบายอากาศรถจักรรองเท้ารอบหัวผูกรองเท้าสั้น
ch:秋冬新款女式真皮休闲鞋系带拼色舒适百搭马丁靴女 th:ฤดูใบไม้ร่วงและฤดูหนาวรูปแบบใหม่ของผู้หญิงรองเท้าหนังสบายๆผูกห่อผูกสีตัดเย็บรองเท้ามาร์ติน
ch:足路缘外贸进击的巨人cos艾伦兵长三笠长靴军靴平跟平底骑士女 th:การค้าต่างประเทศก้าวหน้ายักษ์คอสอัลเลนยาวรองเท้าบูททหารมิตากะและอัศวินแบน
ch:欧美真皮圆头中跟皮带扣骑士靴6CM粗跟大码修腿帅气女高筒靴 th:ยุโรปและอเมริกาหนังแท้รอบหัวด้วยเข็มขัดหัวเข็มขัดอัศวินรองเท้า 6cm หยาบและขนาดใหญ่ซ่อมขาหล่อผู้หญิงสูงรองเท้า
ch:马丁靴粗跟百搭春秋靴子女2019新款秋冬真皮秋款时尚休闲高跟短靴 th:มาร์ตินรองเท้าบูทหยาบกับฤดูใบไม้ผลิและฤดูใบไม้ร่วงเด็ก 2019 รองเท้าแฟชั่นฤดูใบไม้ร่วงและฤดูหนาว
ch:2019秋冬新款真皮短靴女中跟坡跟平底马丁靴保暖舒适棉靴中筒靴子 th:2019 ฤดูใบไม้ร่วงและฤดูหนาวใหม่หนังรองเท้าส้นกลางส้นเท้าลาดและฐานมาร์ตินรองเท้าอบอุ่นสบายรองเท้าผ้าฝ้าย
ch:2019新款真皮百搭马丁靴女吴宣仪同款受伤的军靴女英伦风帅气短靴 th:2019 หนังแท้ใหม่รองเท้ามาร์ตินอู๋ซวนอี้ผู้หญิงที่ได้รับบาดเจ็บกองทัพรองเท้าผู้หญิงหล่อสั้นรองเท้า
ch:牛皮马丁靴女2019新款百搭帅气英伦风靴子秋冬季加绒网红牛皮短靴 th:หนังวัวมาร์ตินรองเท้าผู้หญิง 2019 รูปแบบใหม่ของหนังวัวหนังรองเท้าหล่ออังกฤษฤดูใบไม้ร่วงและฤดูหนาว
ch:短靴女秋冬2019新款真皮尖头细跟裸靴米白色百搭性感8厘米高跟鞋 th:รองเท้าผู้หญิงสั้นฤดูใบไม้ร่วงและฤดูหนาว 2019 หนังแท้ใหม่ปลายแหลมบางกับรองเท้าเปลือยสีขาวข้าวร้อยเซ็กซี่ 8-cm ส้นสูง
ch:杨幂同款2019秋冬新款超火的马丁靴女百搭英伦风机车靴厚底中筒靴 th:ยางมีเหมือนกัน 2019 ฤดูใบไม้ร่วงและฤดูหนาวใหม่ซูเปอร์ไฟมาร์ตินรองเท้าผู้หญิงร้อยสร้างอังกฤษพัดลมรถจักรยานยนต์รองเท้าด้านล่างหนารองเท้าขนาดกลาง
ch:码长袖t恤胖子男人多色宽松打底衫特大号200多斤体重穿的衣服 th:เสื้อยืดแขนยาวเสื้อยืดผู้ชายอ้วนสีเสื้อยืดหลวมๆ
ch:夏季男士翻领短袖有领t恤青年修身汗衫半截袖男人带衣领体恤上衣 th:ฤดูร้อนผู้ชายปกเสื้อยืดแขนสั้นกับเสื้อยืดคอกลมเสื้อยืดแขนสั้น
ch:丝光棉男士短袖T恤新款2019夏季男式t恤男装POLO衫体恤男人的衣服 th:เสื้อยืดแขนสั้นผ้าไหมผ้าฝ้ายผู้ชายเสื้อยืดแขนสั้น
ch:wish速卖通跨境新款男士t恤短袖圆领宽松有趣的印花男人T恤 th:ขายเสื้อยืดผู้ชายเสื้อยืดแขนสั้นผู้ชายเสื้อยืดผู้ชาย
ch:男人夏天穿的衣服 2019新款短袖男T恤成熟体恤青年棉半截袖修身 th:เสื้อยืดแขนสั้นผู้ใหญ่เสื้อยืดแขนสั้นผู้ชายผู้ใหญ่เสื้อยืดผ้าฝ้ายเยาวชน
ch:码长袖t恤胖子男人多色宽松打底衫特大号200多斤体重穿的衣服 th:เสื้อยืดแขนยาวเสื้อยืดผู้ชายอ้วนสีเสื้อยืดหลวมๆ
ch:男人夏天穿的衣服 2019新款短袖男T恤成熟体恤青年棉半截袖修身 th:เสื้อยืดแขนสั้นผู้ใหญ่เสื้อยืดแขนสั้นผู้ชายผู้ใหญ่เสื้อยืดผ้าฝ้ายเยาวชน
ch:码长袖t恤胖子男人多色宽松打底衫特大号200多斤体重穿的衣服 th:เสื้อยืดแขนยาวเสื้อยืดผู้ชายอ้วนสีเสื้อยืดหลวมๆ
ch:100％棉滑稽打印男人T恤休闲男人T恤宽松的O领T恤男装T恤 th:เสื้อยืดคอกลมเสื้อยืดคอกลมเสื้อยืดคอกลมเสื้อยืดคอวีเสื้อยืด
ch:夏季男士翻领短袖有领t恤青年修身汗衫半截袖男人带衣领体恤上衣 th:ฤดูร้อนผู้ชายปกเสื้อยืดแขนสั้นกับเสื้อยืดคอกลมเสื้อยืดแขนสั้น
ch:男士翻领有领t恤青年修身汗衫半截袖男人带衣领体恤上衣 th:ผู้ชายปกเสื้อยืดคอกลมเสื้อยืดผู้ชายกับเสื้อยืดคอวี
ch:码多色t恤宽松男人长袖胖子打底衫大码200多斤体重穿的免烫处理 th:เสื้อยืดสีเสื้อยืดแขนยาวเสื้อยืดผู้ชายอ้วนแขนยาว
ch:码男人t恤多色长袖胖子修身型印花衫特大号200多斤体重穿的衣服 th:เสื้อยืดผู้ชายแขนยาวสีเสื้อยืดพิมพ์ตัวใหญ่พิเศษ
ch:男人夏天穿的衣服 2019新款短袖男T恤成熟体恤青年棉半截袖修身 th:เสื้อยืดแขนสั้นผู้ใหญ่เสื้อยืดแขนสั้นผู้ชายผู้ใหญ่เสื้อยืดผ้าฝ้ายเยาวชน
ch:男士翻领有领t恤青年修身汗衫半截袖男人带衣领体恤上衣 th:ผู้ชายปกเสื้อยืดคอกลมเสื้อยืดผู้ชายกับเสื้อยืดคอวี
ch:夏季男士翻领短袖有领t恤青年修身汗衫半截袖男人带衣领体恤上衣 th:ฤดูร้อนผู้ชายปกเสื้อยืดแขนสั้นกับเสื้อยืดคอกลมเสื้อยืดแขนสั้น
ch:男人一定要骚内涵段子T恤短袖男 抖音四大皆空十五岁打工表情衣服 th:ผู้ชายต้องเป็นเสื้อยืดแขนสั้นผู้ชายเสียงสั่น
ch:便宜短袖T恤成年男士夏装炎热天的衣服半袖男人清凉短衫靓仔男装 th:เสื้อยืดแขนสั้นราคาถูกสำหรับผู้ใหญ่ผู้ชายเสื้อผ้าฤดูร้อนอักเสบเสื้อผ้าแขนสั้นผู้ชายเย็นเสื้อผ้าผู้ชาย
ch:男人夏天穿的衣服 2019新款短袖男T恤成熟体恤青年棉半截袖修身 th:เสื้อยืดแขนสั้นผู้ใหญ่เสื้อยืดแขนสั้นผู้ชายผู้ใหญ่เสื้อยืดผ้าฝ้ายเยาวชน
ch:男人夏天穿的衣服 2019新款短袖男T恤成熟体恤青年棉半截袖修身 th:เสื้อยืดแขนสั้นผู้ใหญ่เสื้อยืดแขนสั้นผู้ชายผู้ใหญ่เสื้อยืดผ้าฝ้ายเยาวชน
ch:COOLMIND权力的游戏男装T恤休闲男士T恤100％纯棉打印男人T恤 th:เสื้อยืดผู้ชายเสื้อยืดผู้ชายเสื้อยืดผ้าฝ้ายพิมพ์เสื้อยืดผู้ชาย
ch:男士翻领有领t恤青年修身汗衫半截袖男人带衣领体恤上衣 th:ผู้ชายปกเสื้อยืดคอกลมเสื้อยืดผู้ชายกับเสื้อยืดคอวี
ch:速卖通跨境柴油只有勇敢的柴油打印男人有趣的时尚T恤很酷的衬衫 th:ขายเสื้อยืดแฟชั่นเสื้อยืดแฟชั่นเสื้อยืดผู้ชายเท่านั้น
ch:批发1件代发】爸爸冬装加绒加厚毛衣男中老年休闲保暖针织打底衫 th:พ่อฤดูหนาวเสื้อกันหนาวผ้าขนสัตว์หนาเสื้อกันหนาวผู้ชายวัยกลางคนและผู้สูงอายุสบายๆอบอุ่นถักเสื้อกันหนาว
ch:213 （100%棉）新款T恤男 纯棉夏季 th:เสื้อยืดใหม่เสื้อยืดผ้าฝ้ายผู้ชายฤดูร้อน
ch:长袖T恤男 2019秋装纽扣简约休闲青少年圆领潮流字母的塑工艺 th:เสื้อยืดแขนยาวผู้ชาย 2019 ฤดูใบไม้ร่วงปุ่มง่ายสบายๆวัยรุ่นปกแฟชั่นตัวอักษร
ch:男士长袖t恤纯棉秋衣宽松小衫圆领打底衫男ins潮流的学生上衣时尚 th:เสื้อยืดแขนยาวผู้ชายเสื้อยืดผ้าฝ้ายฤดูใบไม้ร่วงเสื้อยืดหลวมเสื้อยืดคอกลมเสื้อยืดแฟชั่น
ch:训练服长袖T恤篮球纯棉欧文批发男夏季短袖欧文杜兰特库里詹姆斯 th:ชุดฝึกอบรมเสื้อยืดแขนยาวบาสเกตบอลผ้าฝ้ายบริสุทธิ์โอเว่นขายส่งชายแขนสั้นฤดูร้อน
ch:码长袖t恤胖子男人多色宽松打底衫特大号200多斤体重穿的衣服 th:เสื้อยืดแขนยาวเสื้อยืดผู้ชายอ้วนสีเสื้อยืดหลวมๆ
ch:夏季男士翻领短袖有领t恤青年修身汗衫半截袖男人带衣领体恤上衣 th:ฤดูร้อนผู้ชายปกเสื้อยืดแขนสั้นกับเสื้อยืดคอกลมเสื้อยืดแขนสั้น
ch:丝光棉男士短袖T恤新款2019夏季男式t恤男装POLO衫体恤男人的衣服 th:เสื้อยืดแขนสั้นผ้าไหมผ้าฝ้ายผู้ชายเสื้อยืดแขนสั้น
ch:wish速卖通跨境新款男士t恤短袖圆领宽松有趣的印花男人T恤 th:ขายเสื้อยืดผู้ชายเสื้อยืดแขนสั้นผู้ชายเสื้อยืดผู้ชาย
ch:男人夏天穿的衣服 2019新款短袖男T恤成熟体恤青年棉半截袖修身 th:เสื้อยืดแขนสั้นผู้ใหญ่เสื้อยืดแขนสั้นผู้ชายผู้ใหญ่เสื้อยืดผ้าฝ้ายเยาวชน
ch:码长袖t恤胖子男人多色宽松打底衫特大号200多斤体重穿的衣服 th:เสื้อยืดแขนยาวเสื้อยืดผู้ชายอ้วนสีเสื้อยืดหลวมๆ
ch:男人夏天穿的衣服 2019新款短袖男T恤成熟体恤青年棉半截袖修身 th:เสื้อยืดแขนสั้นผู้ใหญ่เสื้อยืดแขนสั้นผู้ชายผู้ใหญ่เสื้อยืดผ้าฝ้ายเยาวชน
ch:码长袖t恤胖子男人多色宽松打底衫特大号200多斤体重穿的衣服 th:เสื้อยืดแขนยาวเสื้อยืดผู้ชายอ้วนสีเสื้อยืดหลวมๆ
ch:100％棉滑稽打印男人T恤休闲男人T恤宽松的O领T恤男装T恤 th:เสื้อยืดคอกลมเสื้อยืดคอกลมเสื้อยืดคอกลมเสื้อยืดคอวีเสื้อยืด
ch:夏季男士翻领短袖有领t恤青年修身汗衫半截袖男人带衣领体恤上衣 th:ฤดูร้อนผู้ชายปกเสื้อยืดแขนสั้นกับเสื้อยืดคอกลมเสื้อยืดแขนสั้น
ch:男士翻领有领t恤青年修身汗衫半截袖男人带衣领体恤上衣 th:ผู้ชายปกเสื้อยืดคอกลมเสื้อยืดผู้ชายกับเสื้อยืดคอวี
ch:码多色t恤宽松男人长袖胖子打底衫大码200多斤体重穿的免烫处理 th:เสื้อยืดสีเสื้อยืดแขนยาวเสื้อยืดผู้ชายอ้วนแขนยาว
ch:码男人t恤多色长袖胖子修身型印花衫特大号200多斤体重穿的衣服 th:เสื้อยืดผู้ชายแขนยาวสีเสื้อยืดพิมพ์ตัวใหญ่พิเศษ
ch:男人夏天穿的衣服 2019新款短袖男T恤成熟体恤青年棉半截袖修身 th:เสื้อยืดแขนสั้นผู้ใหญ่เสื้อยืดแขนสั้นผู้ชายผู้ใหญ่เสื้อยืดผ้าฝ้ายเยาวชน
ch:男士翻领有领t恤青年修身汗衫半截袖男人带衣领体恤上衣 th:ผู้ชายปกเสื้อยืดคอกลมเสื้อยืดผู้ชายกับเสื้อยืดคอวี
ch:夏季男士翻领短袖有领t恤青年修身汗衫半截袖男人带衣领体恤上衣 th:ฤดูร้อนผู้ชายปกเสื้อยืดแขนสั้นกับเสื้อยืดคอกลมเสื้อยืดแขนสั้น
ch:男人一定要骚内涵段子T恤短袖男 抖音四大皆空十五岁打工表情衣服 th:ผู้ชายต้องเป็นเสื้อยืดแขนสั้นผู้ชายเสียงสั่น
ch:便宜短袖T恤成年男士夏装炎热天的衣服半袖男人清凉短衫靓仔男装 th:เสื้อยืดแขนสั้นราคาถูกสำหรับผู้ใหญ่ผู้ชายเสื้อผ้าฤดูร้อนอักเสบเสื้อผ้าแขนสั้นผู้ชายเย็นเสื้อผ้าผู้ชาย
ch:男人夏天穿的衣服 2019新款短袖男T恤成熟体恤青年棉半截袖修身 th:เสื้อยืดแขนสั้นผู้ใหญ่เสื้อยืดแขนสั้นผู้ชายผู้ใหญ่เสื้อยืดผ้าฝ้ายเยาวชน
ch:男人夏天穿的衣服 2019新款短袖男T恤成熟体恤青年棉半截袖修身 th:เสื้อยืดแขนสั้นผู้ใหญ่เสื้อยืดแขนสั้นผู้ชายผู้ใหญ่เสื้อยืดผ้าฝ้ายเยาวชน
ch:COOLMIND权力的游戏男装T恤休闲男士T恤100％纯棉打印男人T恤 th:เสื้อยืดผู้ชายเสื้อยืดผู้ชายเสื้อยืดผ้าฝ้ายพิมพ์เสื้อยืดผู้ชาย
ch:男士翻领有领t恤青年修身汗衫半截袖男人带衣领体恤上衣 th:ผู้ชายปกเสื้อยืดคอกลมเสื้อยืดผู้ชายกับเสื้อยืดคอวี
ch:速卖通跨境柴油只有勇敢的柴油打印男人有趣的时尚T恤很酷的衬衫 th:ขายเสื้อยืดแฟชั่นเสื้อยืดแฟชั่นเสื้อยืดผู้ชายเท่านั้น
ch:批发1件代发】爸爸冬装加绒加厚毛衣男中老年休闲保暖针织打底衫 th:พ่อฤดูหนาวเสื้อกันหนาวผ้าขนสัตว์หนาเสื้อกันหนาวผู้ชายวัยกลางคนและผู้สูงอายุสบายๆอบอุ่นถักเสื้อกันหนาว
ch:213 （100%棉）新款T恤男 纯棉夏季 th:เสื้อยืดใหม่เสื้อยืดผ้าฝ้ายผู้ชายฤดูร้อน
ch:长袖T恤男 2019秋装纽扣简约休闲青少年圆领潮流字母的塑工艺 th:เสื้อยืดแขนยาวผู้ชาย 2019 ฤดูใบไม้ร่วงปุ่มง่ายสบายๆวัยรุ่นปกแฟชั่นตัวอักษร
ch:男士长袖t恤纯棉秋衣宽松小衫圆领打底衫男ins潮流的学生上衣时尚 th:เสื้อยืดแขนยาวผู้ชายเสื้อยืดผ้าฝ้ายฤดูใบไม้ร่วงเสื้อยืดหลวมเสื้อยืดคอกลมเสื้อยืดแฟชั่น
ch:训练服长袖T恤篮球纯棉欧文批发男夏季短袖欧文杜兰特库里詹姆斯 th:ชุดฝึกอบรมเสื้อยืดแขนยาวบาสเกตบอลผ้าฝ้ายบริสุทธิ์โอเว่นขายส่งชายแขนสั้นฤดูร้อน
ch:2019新款秋季字母长袖t恤男潮牌秋宽松休闲青春嘻哈ins超火的上衣 th:ฤดูใบไม้ร่วงเสื้อยืดแขนยาวเสื้อยืดผู้ชายเสื้อยืดฤดูใบไม้ร่วงหลวมหลวมสบายๆเสื้อหนุ่มฮิปฮอป
ch:秋季长袖男T恤干活穿的衣服T恤工地上班劳保汽修工作服薄款上衣装 th:ฤดูใบไม้ร่วงเสื้อยืดแขนยาวเสื้อยืดทำงานเสื้อผ้าเว็บไซต์งานซ่อมเสื้อผ้าชุดทำงานเสื้อบาง
ch:【纯棉】长袖T恤衫男 春季薄款青少年圆领印花男式长袖T恤打底衫 th:เสื้อยืดแขนยาวเสื้อยืดแขนยาวเสื้อยืดคอกลมเสื้อยืดแขนยาว
ch:潮牌批发INS超火的T恤男原创短袖NASA男女纯棉潮流打底衫 th:ขายส่งเสื้อยืดแขนสั้นต้นฉบับชายนาซ่าผู้ชายและผู้หญิงเสื้อยืดแฟชั่นผ้าฝ้ายบริสุทธิ์
ch:ins超火的飘带连帽嘻哈短袖街舞潮牌t恤男假两件bf宽松五分袖体恤 th:ริบบิ้นร้อนพิเศษฮิปฮอปแขนสั้นเสื้อยืดผู้ชายปลอมสองห้าแขนหลวมเสื้อยืด
ch:夏季2018新款ins超火的短袖男韩版潮流宽松T恤嘻哈潮牌情侣 th:เสื้อยืดแขนสั้นผู้ชายแฟชั่นเกาหลีเสื้อยืดคู่ฮิปฮอป
ch:秋季潮牌卫衣男港风韩版宽松圆领时尚上衣服ins超火的春秋款外套 th:ฤดูใบไม้ร่วงฤดูใบไม้ร่วงเสื้อผ้าแฟชั่นเสื้อผ้าอินซูลินไฟฤดูใบไม้ผลิและฤดูใบไม้ร่วง
ch:2018年新款春秋男士长袖t恤男衣服加肥大码V领拼接打底衫厂家直销 th:ผู้ผลิตเสื้อยืดแขนยาวเสื้อยืดผู้ชายเสื้อผ้าผู้ชายเสื้อยืดผู้ชายเสื้อยืดแขนยาว
ch:ins超火的上衣男士短袖T恤夏季韩版宽松青少年百搭bf风潮流体恤男 th:เสื้อยืดแขนสั้นผู้ชายเสื้อยืดผู้ชายเสื้อยืดผู้หญิงเสื้อยืดผู้ชาย
ch:短袖t恤男纯色t桖圆领长袖打底衫宽松纯棉丅纯白色半袖体恤上衣服 th:เสื้อยืดแขนสั้นเสื้อยืดผู้ชายสีบริสุทธิ์เสื้อยืดคอกลมแขนยาวเสื้อยืดแขนยาวเสื้อยืดผ้าฝ้ายบริสุทธิ์
ch:ins超火的1997 cola box logo tee恶搞可乐短袖T恤女情侣打底衫男 th:เสื้อยืดแขนสั้นคู่รักผู้หญิงเสื้อยืดผู้ชายกล่องโลโก้
ch:ins超火的短袖男报纸T恤原宿风宽松嘻哈半袖上衣bf风情侣装夏季 th:เสื้อยืดแขนสั้นหนังสือพิมพ์ชายเสื้อยืดคอวีเสื้อยืดแขนสั้น
ch:100％棉短袖喵师男士T恤休闲宽松男装t恤很酷的男人t恤男 th:เสื้อยืดแขนสั้นผ้าฝ้ายผู้ชายเสื้อยืดผู้ชายหลวมเสื้อยืดผู้ชายเสื้อยืดผู้ชายเย็น
ch:wish速卖通跨境新款男士t恤短袖街头风格宽松有趣的印花男人T恤 th:ขายเสื้อยืดแขนสั้นผู้ชายเสื้อยืดแขนสั้นผู้ชายพิมพ์เสื้อยืด
ch:招募分销全身加绒爸爸冬装T恤男老年保暖加厚打底宽松上衣针织衫 th:รับสมัครผู้จัดจำหน่ายเสื้อยืดผ้าขนสัตว์พ่อฤดูหนาวเสื้อยืดผู้ชายผู้สูงอายุที่อบอุ่นและหนาเสื้อถัก
ch:夏季ins男韩版潮流五分袖宽松嘻哈中袖t恤港风大码男生半袖bf潮牌 th:ฤดูร้อนอินส์ชายเกาหลีรุ่นของแนวโน้มห้าแขนหลวมฮิปฮอปเสื้อยืดแขนกลางใหญ่ลมฮ่องกงเด็กชายแขนกึ่งคลื่นบัตร
ch:我的英雄学院t恤男夏季学生短袖运动卡通动漫周边衣服男式t恤 th:วิทยาลัยวีรบุรุษของฉันเสื้อยืดฤดูร้อนนักเรียนชายเสื้อยืดแขนสั้นกีฬาการ์ตูน
ch:男生短袖t恤配黑色工装裤松情侣装夏装潮牌五分袖国潮衣服男潮流 th:ชายเสื้อยืดแขนสั้นกับกางเกงสีดำหลวมคู่รักเสื้อผ้าฤดูร้อนเสื้อผ้าแฟชั่น
ch:夏季潮牌ins超火的短袖t恤男宽松港风半袖嘻哈五分袖衣服男 th:เสื้อยืดแขนสั้นผู้ชายหลวมฮ่องกงลมแขนครึ่งแขนฮิปฮอปเสื้อผ้าผู้ชาย
ch:2019剪标男装一件代发男人的时尚衣服男士潮牌工装夹克男轻奢男装 th:เสื้อผ้าแฟชั่นสำหรับผู้ชายที่เป็นตัวแทนของผู้ชายแฟชั่นเสื้อผ้าสำหรับผู้ชาย
ch:ins超火的18FW Split Box Logo Tee错位拼接印花短袖女情侣t恤男 th:กล่องโลโก้เท็ดพิมพ์เสื้อยืดแขนสั้นสำหรับคู่รักผู้หญิง
ch:2019新款秋季字母长袖t恤男潮牌秋宽松休闲青春嘻哈ins超火的上衣 th:ฤดูใบไม้ร่วงเสื้อยืดแขนยาวเสื้อยืดผู้ชายเสื้อยืดฤดูใบไม้ร่วงหลวมหลวมสบายๆเสื้อหนุ่มฮิปฮอป
ch:秋季长袖男T恤干活穿的衣服T恤工地上班劳保汽修工作服薄款上衣装 th:ฤดูใบไม้ร่วงเสื้อยืดแขนยาวเสื้อยืดทำงานเสื้อผ้าเว็บไซต์งานซ่อมเสื้อผ้าชุดทำงานเสื้อบาง
ch:【纯棉】长袖T恤衫男 春季薄款青少年圆领印花男式长袖T恤打底衫 th:เสื้อยืดแขนยาวเสื้อยืดแขนยาวเสื้อยืดคอกลมเสื้อยืดแขนยาว
ch:潮牌批发INS超火的T恤男原创短袖NASA男女纯棉潮流打底衫 th:ขายส่งเสื้อยืดแขนสั้นต้นฉบับชายนาซ่าผู้ชายและผู้หญิงเสื้อยืดแฟชั่นผ้าฝ้ายบริสุทธิ์
ch:ins超火的飘带连帽嘻哈短袖街舞潮牌t恤男假两件bf宽松五分袖体恤 th:ริบบิ้นร้อนพิเศษฮิปฮอปแขนสั้นเสื้อยืดผู้ชายปลอมสองห้าแขนหลวมเสื้อยืด
ch:夏季2018新款ins超火的短袖男韩版潮流宽松T恤嘻哈潮牌情侣 th:เสื้อยืดแขนสั้นผู้ชายแฟชั่นเกาหลีเสื้อยืดคู่ฮิปฮอป
ch:秋季潮牌卫衣男港风韩版宽松圆领时尚上衣服ins超火的春秋款外套 th:ฤดูใบไม้ร่วงฤดูใบไม้ร่วงเสื้อผ้าแฟชั่นเสื้อผ้าอินซูลินไฟฤดูใบไม้ผลิและฤดูใบไม้ร่วง
ch:2018年新款春秋男士长袖t恤男衣服加肥大码V领拼接打底衫厂家直销 th:ผู้ผลิตเสื้อยืดแขนยาวเสื้อยืดผู้ชายเสื้อผ้าผู้ชายเสื้อยืดผู้ชายเสื้อยืดแขนยาว
ch:ins超火的上衣男士短袖T恤夏季韩版宽松青少年百搭bf风潮流体恤男 th:เสื้อยืดแขนสั้นผู้ชายเสื้อยืดผู้ชายเสื้อยืดผู้หญิงเสื้อยืดผู้ชาย
ch:短袖t恤男纯色t桖圆领长袖打底衫宽松纯棉丅纯白色半袖体恤上衣服 th:เสื้อยืดแขนสั้นเสื้อยืดผู้ชายสีบริสุทธิ์เสื้อยืดคอกลมแขนยาวเสื้อยืดแขนยาวเสื้อยืดผ้าฝ้ายบริสุทธิ์
ch:ins超火的1997 cola box logo tee恶搞可乐短袖T恤女情侣打底衫男 th:เสื้อยืดแขนสั้นคู่รักผู้หญิงเสื้อยืดผู้ชายกล่องโลโก้
ch:ins超火的短袖男报纸T恤原宿风宽松嘻哈半袖上衣bf风情侣装夏季 th:เสื้อยืดแขนสั้นหนังสือพิมพ์ชายเสื้อยืดคอวีเสื้อยืดแขนสั้น
ch:100％棉短袖喵师男士T恤休闲宽松男装t恤很酷的男人t恤男 th:เสื้อยืดแขนสั้นผ้าฝ้ายผู้ชายเสื้อยืดผู้ชายหลวมเสื้อยืดผู้ชายเสื้อยืดผู้ชายเย็น
ch:wish速卖通跨境新款男士t恤短袖街头风格宽松有趣的印花男人T恤 th:ขายเสื้อยืดแขนสั้นผู้ชายเสื้อยืดแขนสั้นผู้ชายพิมพ์เสื้อยืด
ch:招募分销全身加绒爸爸冬装T恤男老年保暖加厚打底宽松上衣针织衫 th:รับสมัครผู้จัดจำหน่ายเสื้อยืดผ้าขนสัตว์พ่อฤดูหนาวเสื้อยืดผู้ชายผู้สูงอายุที่อบอุ่นและหนาเสื้อถัก
ch:夏季ins男韩版潮流五分袖宽松嘻哈中袖t恤港风大码男生半袖bf潮牌 th:ฤดูร้อนอินส์ชายเกาหลีรุ่นของแนวโน้มห้าแขนหลวมฮิปฮอปเสื้อยืดแขนกลางใหญ่ลมฮ่องกงเด็กชายแขนกึ่งคลื่นบัตร
ch:我的英雄学院t恤男夏季学生短袖运动卡通动漫周边衣服男式t恤 th:วิทยาลัยวีรบุรุษของฉันเสื้อยืดฤดูร้อนนักเรียนชายเสื้อยืดแขนสั้นกีฬาการ์ตูน
ch:男生短袖t恤配黑色工装裤松情侣装夏装潮牌五分袖国潮衣服男潮流 th:ชายเสื้อยืดแขนสั้นกับกางเกงสีดำหลวมคู่รักเสื้อผ้าฤดูร้อนเสื้อผ้าแฟชั่น
ch:夏季潮牌ins超火的短袖t恤男宽松港风半袖嘻哈五分袖衣服男 th:เสื้อยืดแขนสั้นผู้ชายหลวมฮ่องกงลมแขนครึ่งแขนฮิปฮอปเสื้อผ้าผู้ชาย
ch:2019剪标男装一件代发男人的时尚衣服男士潮牌工装夹克男轻奢男装 th:เสื้อผ้าแฟชั่นสำหรับผู้ชายที่เป็นตัวแทนของผู้ชายแฟชั่นเสื้อผ้าสำหรับผู้ชาย
ch:ins超火的18FW Split Box Logo Tee错位拼接印花短袖女情侣t恤男 th:กล่องโลโก้เท็ดพิมพ์เสื้อยืดแขนสั้นสำหรับคู่รักผู้หญิง
ch:超人情趣内衣性感男激情套装极度内裤男士男人穿的衣服男性同志g th:ซูเปอร์แมนชุดชั้นในเซ็กซี่ชายชุดตัณหาชุดชั้นในผู้ชายผู้ชายสวมเสื้อผ้าผู้ชายเกย์
ch:新时尚潮牌男装全棉园领短袖t恤 男潮牌厂家直销外贸的电商货源 th:แฟชั่นใหม่เสื้อผ้าผู้ชายเสื้อยืดแขนสั้นผู้ผลิตเสื้อยืดผู้ชายเสื้อยืดแฟชั่นแบรนด์ใหม่โดยตรงขายสินค้าไฟฟ้า
ch:冬季纯棉带领保罗衫广告文化衫定制男女士公司员工工作服刺绣logo th:ฤดูหนาวผ้าฝ้ายบริสุทธิ์นําพอลเสื้อยืดวัฒนธรรมเสื้อยืดโฆษณาที่กําหนดเองบริษัทสุภาพสตรีชายพนักงานเสื้อผ้าปักโลโก้
ch:2019夏季新款中国的棉麻短袖T恤V领大码宽松印花五分袖亚麻上衣男 th:ฤดูร้อนใหม่จีนเสื้อยืดแขนสั้นผ้าฝ้ายผ้าลินินผ้าลินินผ้าลินินผ้าลินินผ้าลินินผ้าลินินเสื้อแขนสั้นคอว
ch:超人情趣内衣性感男激情套装极度内裤男士男人穿的衣服男性同志g th:ซูเปอร์แมนชุดชั้นในเซ็กซี่ชายชุดตัณหาชุดชั้นในผู้ชายผู้ชายสวมเสื้อผ้าผู้ชายเกย์
ch:ins超火的短袖t恤2019夏季新款ulzzang学生男T纯色五分袖体恤批发 th:ขายส่งเสื้อยืดแขนสั้นนักเรียนชายสีทึบเสื้อยืดแขนสั้น
ch:新时尚潮牌男装全棉园领短袖t恤 男潮牌厂家直销外贸的电商货源 th:แฟชั่นใหม่เสื้อผ้าผู้ชายเสื้อยืดแขนสั้นผู้ผลิตเสื้อยืดผู้ชายเสื้อยืดแฟชั่นแบรนด์ใหม่โดยตรงขายสินค้าไฟฟ้า
ch:冬季纯棉带领保罗衫广告文化衫定制男女士公司员工工作服刺绣logo th:ฤดูหนาวผ้าฝ้ายบริสุทธิ์นําพอลเสื้อยืดวัฒนธรรมเสื้อยืดโฆษณาที่กําหนดเองบริษัทสุภาพสตรีชายพนักงานเสื้อผ้าปักโลโก้
ch:夏季潮牌ins超火的短袖t恤男宽松港风半袖嘻哈五分袖衣服男 th:เสื้อยืดแขนสั้นผู้ชายหลวมฮ่องกงลมแขนครึ่งแขนฮิปฮอปเสื้อผ้าผู้ชาย
ch:2019夏季新款中国的棉麻短袖T恤V领大码宽松印花五分袖亚麻上衣男 th:ฤดูร้อนใหม่จีนเสื้อยืดแขนสั้นผ้าฝ้ายผ้าลินินผ้าลินินผ้าลินินผ้าลินินผ้าลินินผ้าลินินเสื้อแขนสั้นคอว
ch:ins超火的短袖t恤2019夏季新款ulzzang学生男T纯色五分袖体恤批发 th:ขายส่งเสื้อยืดแขนสั้นนักเรียนชายสีทึบเสื้อยืดแขนสั้น
ch:夏季潮牌ins超火的短袖t恤男宽松港风半袖嘻哈五分袖衣服男 th:เสื้อยืดแขนสั้นผู้ชายหลวมฮ่องกงลมแขนครึ่งแขนฮิปฮอปเสื้อผ้าผู้ชาย
ch:猫和老鼠T恤合作款男夏tom汤姆猫联名港风不一样的情侣装衣服短袖 th:เสื้อยืดแขนสั้นสำหรับคู่รักที่แตกต่างกันสำหรับฤดูร้อนทอมทอมแมว
ch:长袖t恤男批发潮流ins超火的上衣打底衫外贸宽松春秋薄款网红小衫 th:ขายส่งเสื้อยืดแขนยาวเสื้อยืดแขนยาวเสื้อยืดแขนยาวเสื้อยืดแขนยาว
ch:新品2019新款秋季立领皮衣男修身韩版休闲男士机车皮夹克pu皮男装 th:ใหม่ 2019 ฤดูใบไม้ร่วงเสื้อผ้าหนังผู้ชายที่ยืนอยู่บนปกเสื้อหนังเกาหลีสบายๆผู้ชายเสื้อแจ็คเก็ตหนังผู้ชาย
ch:进击的巨人2018春夏男t恤日本动漫服装卡通短袖t恤男式活动广告衫 th:เสื้อยืดฤดูใบไม้ผลิฤดูร้อนชายญี่ปุ่นเสื้อผ้าการ์ตูนเสื้อยืดแขนสั้นแคมเปญเสื้อยืดชาย
ch:wish 新款戴墨镜的狮子王夏威夷海滩趣味印花男士短袖T恤男莫代尔 th:สิงโตกษัตริย์สวมแว่นตาดำใหม่ฮาวายชายหาดสนุกพิมพ์ชายเสื้อยืดแขนสั้น
ch:猫和老鼠T恤合作款男夏tom汤姆猫联名港风不一样的情侣装衣服短袖 th:เสื้อยืดแขนสั้นสำหรับคู่รักที่แตกต่างกันสำหรับฤดูร้อนทอมทอมแมว
ch:长袖t恤男批发潮流ins超火的上衣打底衫外贸宽松春秋薄款网红小衫 th:ขายส่งเสื้อยืดแขนยาวเสื้อยืดแขนยาวเสื้อยืดแขนยาวเสื้อยืดแขนยาว
ch:新品2019新款秋季立领皮衣男修身韩版休闲男士机车皮夹克pu皮男装 th:ใหม่ 2019 ฤดูใบไม้ร่วงเสื้อผ้าหนังผู้ชายที่ยืนอยู่บนปกเสื้อหนังเกาหลีสบายๆผู้ชายเสื้อแจ็คเก็ตหนังผู้ชาย
ch:进击的巨人2018春夏男t恤日本动漫服装卡通短袖t恤男式活动广告衫 th:เสื้อยืดฤดูใบไม้ผลิฤดูร้อนชายญี่ปุ่นเสื้อผ้าการ์ตูนเสื้อยืดแขนสั้นแคมเปญเสื้อยืดชาย
ch:wish 新款戴墨镜的狮子王夏威夷海滩趣味印花男士短袖T恤男莫代尔 th:สิงโตกษัตริย์สวมแว่นตาดำใหม่ฮาวายชายหาดสนุกพิมพ์ชายเสื้อยืดแขนสั้น
